<?xml version="1.0" encoding="UTF-8"?>
<!-- Generated by org.testng.reporters.JUnitXMLReporter -->
<testsuite ignored="4" hostname="Priyanka" failures="1" tests="1" name="orange-hrm-live-sw-5" time="3.981" errors="0" timestamp="2023-12-11T16:03:52 GMT">
  <testcase classname="com.orangehrmlive.demo.testsuite.LoginTest" name="verifyUserShouldLoginSuccessfully" time="1.428">
    <failure type="java.lang.AssertionError" message="WelCome Text is displayed expected [WelCome] but found [Dashboard]">
      <![CDATA[java.lang.AssertionError: WelCome Text is displayed expected [WelCome] but found [Dashboard]
at com.orangehrmlive.demo.testsuite.LoginTest.verifyUserShouldLoginSuccessfully(LoginTest.java:41)
at java.base/java.util.ArrayList.forEach(ArrayList.java:1511)
at com.intellij.rt.testng.IDEARemoteTestNG.run(IDEARemoteTestNG.java:66)
at com.intellij.rt.testng.RemoteTestNGStarter.main(RemoteTestNGStarter.java:105)
... Removed 29 stack frames]]>
    </failure>
  </testcase> <!-- verifyUserShouldLoginSuccessfully -->
  <testcase classname="com.orangehrmlive.demo.testsuite.LoginTest" name="verifyThatTheLogoDisplayedOnLoginPage" time="0.0">
    <ignored/>
  </testcase> <!-- verifyThatTheLogoDisplayedOnLoginPage -->
  <testcase classname="com.orangehrmlive.demo.testsuite.LoginTest" name="verifyUserShouldLogoutSuccessfully" time="0.0">
    <ignored/>
  </testcase> <!-- verifyUserShouldLogoutSuccessfully -->
  <testcase classname="com.orangehrmlive.demo.testsuite.LoginTest" name="verifyErrorMessageWithInvalidCredentials" time="0.0">
    <ignored/>
  </testcase> <!-- verifyErrorMessageWithInvalidCredentials -->
  <testcase classname="com.orangehrmlive.demo.testsuite.LoginTest" name="verifyErrorMessageWithInvalidCredentials" time="0.0">
    <ignored/>
  </testcase> <!-- verifyErrorMessageWithInvalidCredentials -->
</testsuite> <!-- orange-hrm-live-sw-5 -->
